Using pre-set license

 COMMAND LINE ARGUMENTS:
/Applications/Unity/Hub/2020.3.4f1/Unity.app/Contents/MacOS/Unity
-adb2
-batchMode
-noUpm
-name
AssetImportWorker0
-projectPath
/Users/LucasZ/Documents/GitHub/frcsim/frcsim2d
-logFile
Logs/AssetImportWorker0.log
-srvPort
63048
Successfully changed project path to: /Users/LucasZ/Documents/GitHub/frcsim/frcsim2d
/Users/LucasZ/Documents/GitHub/frcsim/frcsim2d
Using Asset Import Pipeline V2.
Refreshing native plugins compatible for Editor in 68.57 ms, found 2 plugins.
Preloading 0 native plugins for Editor in 0.00 ms.
Initialize engine version: 2020.3.4f1 (0abb6314276a)
[Subsystems] Discovering subsystems at path /Applications/Unity/Hub/2020.3.4f1/Unity.app/Contents/Resources/UnitySubsystems
[Subsystems] Discovering subsystems at path /Users/LucasZ/Documents/GitHub/frcsim/frcsim2d/Assets
GfxDevice: creating device client; threaded=0
2021-11-19 16:19:03.035 Unity[87185:22701323] Color LCD preferred device: Intel Iris Graphics (low power)
2021-11-19 16:19:03.035 Unity[87185:22701323] Metal devices available: 1
2021-11-19 16:19:03.035 Unity[87185:22701323] 0: Intel Iris Graphics (low power)
2021-11-19 16:19:03.036 Unity[87185:22701323] Using device Intel Iris Graphics (low power)
Initializing Metal device caps: Intel Iris Graphics
Initialize mono
Mono path[0] = '/Applications/Unity/Hub/2020.3.4f1/Unity.app/Contents/Managed'
Mono path[1] = '/Applications/Unity/Hub/2020.3.4f1/Unity.app/Contents/MonoBleedingEdge/lib/mono/unityjit'
Mono config path = '/Applications/Unity/Hub/2020.3.4f1/Unity.app/Contents/MonoBleedingEdge/etc'
Using monoOptions --debugger-agent=transport=dt_socket,embedding=1,server=y,suspend=n,address=127.0.0.1:56185
Begin MonoManager ReloadAssembly
Registering precompiled unity dll's ...
Register platform support module: /Applications/Unity/Hub/2020.3.4f1/Unity.app/Contents/PlaybackEngines/MacStandaloneSupport/UnityEditor.OSXStandalone.Extensions.dll
Registered in 0.002979 seconds.
Native extension for OSXStandalone target not found
Refreshing native plugins compatible for Editor in 47.11 ms, found 2 plugins.
Preloading 0 native plugins for Editor in 0.00 ms.
Mono: successfully reloaded assembly
- Completed reload, in  7.913 seconds
Platform modules already initialized, skipping
Registering precompiled user dll's ...
Registered in 0.002353 seconds.
Begin MonoManager ReloadAssembly
Native extension for OSXStandalone target not found
Refreshing native plugins compatible for Editor in 74.32 ms, found 2 plugins.
Preloading 0 native plugins for Editor in 0.00 ms.
Mono: successfully reloaded assembly
- Completed reload, in  1.771 seconds
Platform modules already initialized, skipping
========================================================================
Worker process is ready to serve import requests
Launching external process: /Applications/Unity/Hub/2020.3.4f1/Unity.app/Contents/Tools/UnityShaderCompiler
Launched and connected shader compiler UnityShaderCompiler after 0.03 seconds
Refreshing native plugins compatible for Editor in 1.44 ms, found 2 plugins.
Preloading 0 native plugins for Editor in 0.00 ms.
Unloading 1812 Unused Serialized files (Serialized files now loaded: 0)
System memory in use before: 147.8 MB.
System memory in use after: 147.7 MB.

Unloading 24 unused Assets to reduce memory usage. Loaded Objects now: 2255.
Total: 6.021625 ms (FindLiveObjects: 0.585686 ms CreateObjectMapping: 0.163225 ms MarkObjects: 4.909474 ms  DeleteObjects: 0.360804 ms)

========================================================================
Received Import Request.
  path: Assets/Scripts/Server.cs
  artifactKey: Guid(475fdad4e20da4e8cb97cea54a321b7c) Importer(815301076,1909f56bfc062723c751e8b465ee728b)
Start importing Assets/Scripts/Server.cs using Guid(475fdad4e20da4e8cb97cea54a321b7c) Importer(815301076,1909f56bfc062723c751e8b465ee728b)  -> (artifact id: '65fb83dab810a65915783405b05d2993') in 0.977292 seconds
  Import took 0.988875 seconds .

========================================================================
Received Import Request.
  Time since last request: 7733.360586 seconds.
  path: Assets/Scripts/BaseSimulator.cs
  artifactKey: Guid(b6116e94eae5b48588ba6fd9d364318a) Importer(815301076,1909f56bfc062723c751e8b465ee728b)
Start importing Assets/Scripts/BaseSimulator.cs using Guid(b6116e94eae5b48588ba6fd9d364318a) Importer(815301076,1909f56bfc062723c751e8b465ee728b)  -> (artifact id: '3cdd90fe006b475714b8f42f88b9ea18') in 0.092666 seconds
  Import took 0.676058 seconds .

========================================================================
Received Import Request.
  Time since last request: 7.480064 seconds.
  path: Assets/Scripts/RobotState.cs
  artifactKey: Guid(cd8989956a11f4c85ad0ee73de0f39c6) Importer(815301076,1909f56bfc062723c751e8b465ee728b)
Start importing Assets/Scripts/RobotState.cs using Guid(cd8989956a11f4c85ad0ee73de0f39c6) Importer(815301076,1909f56bfc062723c751e8b465ee728b)  -> (artifact id: 'd6f84ced94917327d95e66ec749d5fbe') in 0.010740 seconds
  Import took 0.033124 seconds .

========================================================================
Received Import Request.
  Time since last request: 0.027090 seconds.
  path: Assets/Scripts/RobotState.cs
  artifactKey: Guid(cd8989956a11f4c85ad0ee73de0f39c6) Importer(815301076,1909f56bfc062723c751e8b465ee728b)
Start importing Assets/Scripts/RobotState.cs using Guid(cd8989956a11f4c85ad0ee73de0f39c6) Importer(815301076,1909f56bfc062723c751e8b465ee728b)  -> (artifact id: 'd6f84ced94917327d95e66ec749d5fbe') in 0.002409 seconds
  Import took 0.025408 seconds .

========================================================================
Received Import Request.
  Time since last request: 243.402077 seconds.
  path: Assets/Scripts/SwerveModuleSimulator.cs
  artifactKey: Guid(29ca6d08411fa427d8a1530d5e55070d) Importer(815301076,1909f56bfc062723c751e8b465ee728b)
Start importing Assets/Scripts/SwerveModuleSimulator.cs using Guid(29ca6d08411fa427d8a1530d5e55070d) Importer(815301076,1909f56bfc062723c751e8b465ee728b)  -> (artifact id: '7d6879a4c65bda96ae7e30f205a19a0a') in 0.005117 seconds
  Import took 0.013839 seconds .

========================================================================
Received Import Request.
  Time since last request: 0.002945 seconds.
  path: Assets/Scripts/SwerveModuleSimulator.cs
  artifactKey: Guid(29ca6d08411fa427d8a1530d5e55070d) Importer(815301076,1909f56bfc062723c751e8b465ee728b)
Start importing Assets/Scripts/SwerveModuleSimulator.cs using Guid(29ca6d08411fa427d8a1530d5e55070d) Importer(815301076,1909f56bfc062723c751e8b465ee728b)  -> (artifact id: '7d6879a4c65bda96ae7e30f205a19a0a') in 0.002496 seconds
  Import took 0.007054 seconds .

========================================================================
Received Prepare
Registering precompiled user dll's ...
Registered in 0.002422 seconds.
Begin MonoManager ReloadAssembly
Native extension for OSXStandalone target not found
Refreshing native plugins compatible for Editor in 0.43 ms, found 2 plugins.
Preloading 0 native plugins for Editor in 0.00 ms.
Mono: successfully reloaded assembly
- Completed reload, in  3.367 seconds
Platform modules already initialized, skipping
Refreshing native plugins compatible for Editor in 0.54 ms, found 2 plugins.
Preloading 0 native plugins for Editor in 0.00 ms.
Unloading 1807 Unused Serialized files (Serialized files now loaded: 0)
System memory in use before: 152.5 MB.
System memory in use after: 152.4 MB.

Unloading 12 unused Assets to reduce memory usage. Loaded Objects now: 2259.
Total: 5.336625 ms (FindLiveObjects: 1.967964 ms CreateObjectMapping: 0.235617 ms MarkObjects: 2.839007 ms  DeleteObjects: 0.291439 ms)

